<?xml version="1.0" encoding="UTF-8"?>
<testsuite xmlns:xsi="http://www.w3.org/2001/XMLSchema-instance" xsi:noNamespaceSchemaLocation="https://maven.apache.org/surefire/maven-surefire-plugin/xsd/surefire-test-report-3.0.xsd" version="3.0" name="TestSuite" time="0.869" tests="10" errors="0" skipped="0" failures="0">
  <properties>
[...]
</properties>
  <testcase name="testGetProductos" classname="com.cunori.test.TestProductos" time="0.247">
    <system-out><![CDATA[8
]]></system-out>
    <system-err><![CDATA[SLF4J: Failed to load class "org.slf4j.impl.StaticLoggerBinder".
SLF4J: Defaulting to no-operation (NOP) logger implementation
SLF4J: See http://www.slf4j.org/codes.html#StaticLoggerBinder for further details.
]]></system-err>
  </testcase>
  <testcase name="testRestar" classname="com.cunori.test.Aritmetica" time="0.001">
    <system-out><![CDATA[Antes del test
@BeforeMethod
testRestart
]]></system-out>
  </testcase>
  <testcase name="testRestar2" classname="com.cunori.test.Aritmetica" time="0">
    <system-out><![CDATA[@AfterMethod
@BeforeMethod
testRestar2
]]></system-out>
  </testcase>
  <testcase name="testRestar2" classname="com.cunori.test.Aritmetica" time="0.002">
    <system-out><![CDATA[@AfterMethod
Despues del test
testRestar2
]]></system-out>
  </testcase>
  <testcase name="testSumar" classname="com.cunori.test.Aritmetica" time="0.002">
    <system-out><![CDATA[@AfterMethod
@BeforeMethod
testSumar
]]></system-out>
  </testcase>
  <testcase name="testSumar" classname="com.cunori.test.Aritmetica" time="0.001">
    <system-out><![CDATA[testSumar
]]></system-out>
  </testcase>
  <testcase name="testSumar" classname="com.cunori.test.Aritmetica" time="0">
    <system-out><![CDATA[Antes del test
@BeforeMethod
testSumar
]]></system-out>
  </testcase>
  <testcase name="testSumar2" classname="com.cunori.test.Aritmetica" time="0">
    <system-out><![CDATA[@AfterMethod
@BeforeMethod
testSumar2
]]></system-out>
  </testcase>
  <testcase name="testSumar2" classname="com.cunori.test.Aritmetica" time="0">
    <system-out><![CDATA[testSumar2
]]></system-out>
  </testcase>
  <testcase name="testSumar2" classname="com.cunori.test.Aritmetica" time="0">
    <system-out><![CDATA[@AfterMethod
@BeforeMethod
testSumar2
]]></system-out>
  </testcase>
</testsuite>