<?xml version="1.0" encoding="UTF-8"?>
<!-- Generated by org.testng.reporters.JUnitXMLReporter -->
<testsuite hostname="alpha" ignored="0" name="Aritmetica básica" tests="4" failures="0" timestamp="2022-03-25T18:46:32 CST" time="0.023" errors="0">
  <testcase name="testRestar" time="0.001" classname="com.cunori.test.Aritmetica"/>
  <testcase name="testRestar2" time="0.001" classname="com.cunori.test.Aritmetica"/>
  <testcase name="testSumar" time="0.002" classname="com.cunori.test.Aritmetica"/>
  <testcase name="testSumar2" time="0.001" classname="com.cunori.test.Aritmetica"/>
</testsuite> <!-- Aritmetica básica -->
