<?xml version="1.0" encoding="UTF-8"?>
<!-- Generated by org.testng.reporters.JUnitXMLReporter -->
<testsuite hostname="alpha" ignored="2" name="Test por methodos" tests="2" failures="0" timestamp="2022-03-25T18:46:32 CST" time="0.005" errors="0">
  <testcase name="testSumar" time="0.001" classname="com.cunori.test.Aritmetica"/>
  <testcase name="testSumar2" time="0.0" classname="com.cunori.test.Aritmetica"/>
  <testcase name="testRestar2" time="0.0" classname="com.cunori.test.Aritmetica">
    <ignored/>
  </testcase> <!-- testRestar2 -->
  <testcase name="testRestar" time="0.0" classname="com.cunori.test.Aritmetica">
    <ignored/>
  </testcase> <!-- testRestar -->
</testsuite> <!-- Test por methodos -->
